Using pre-set license
Built from '2020.3/release' branch; Version is '2020.3.12f1 (b3b2c6512326) revision 11776710'; Using compiler version '192528614'; Build Type 'Release'
OS: 'Windows 10 Home; OS build 19042.1237; Version 2009; 64bit' Language: 'ja' Physical Memory: 16085 MB
BatchMode: 1, IsHumanControllingUs: 0, StartBugReporterOnCrash: 0, Is64bit: 1, IsPro: 0

 COMMAND LINE ARGUMENTS:
C:\Program Files\Unity\Hub\Editor\2020.3.12f1\Editor\Unity.exe
-adb2
-batchMode
-noUpm
-name
AssetImportWorker0
-projectPath
C:/Users/kjesc/Ride and Gun
-logFile
Logs/AssetImportWorker0.log
-srvPort
61758
Successfully changed project path to: C:/Users/kjesc/Ride and Gun
C:/Users/kjesc/Ride and Gun
Using Asset Import Pipeline V2.
Refreshing native plugins compatible for Editor in 59.78 ms, found 6 plugins.
Preloading 1 native plugins for Editor in 0.74 ms.
Initialize engine version: 2020.3.12f1 (b3b2c6512326)
[Subsystems] Discovering subsystems at path C:/Program Files/Unity/Hub/Editor/2020.3.12f1/Editor/Data/Resources/UnitySubsystems
[Subsystems] Discovering subsystems at path C:/Users/kjesc/Ride and Gun/Assets
GfxDevice: creating device client; threaded=0
Direct3D:
    Version:  Direct3D 11.0 [level 11.1]
    Renderer: NVIDIA GeForce RTX 3060 Laptop GPU (ID=0x2520)
    Vendor:   
    VRAM:     6023 MB
    Driver:   27.21.14.6140
Shader 'Custom/AdditiveTintable': fallback shader 'Particles/Additive (Soft)' not found
Initialize mono
Mono path[0] = 'C:/Program Files/Unity/Hub/Editor/2020.3.12f1/Editor/Data/Managed'
Mono path[1] = 'C:/Program Files/Unity/Hub/Editor/2020.3.12f1/Editor/Data/MonoBleedingEdge/lib/mono/unityjit'
Mono config path = 'C:/Program Files/Unity/Hub/Editor/2020.3.12f1/Editor/Data/MonoBleedingEdge/etc'
Using monoOptions --debugger-agent=transport=dt_socket,embedding=1,server=y,suspend=n,address=127.0.0.1:56212
Begin MonoManager ReloadAssembly
Registering precompiled unity dll's ...
Register platform support module: C:/Program Files/Unity/Hub/Editor/2020.3.12f1/Editor/Data/PlaybackEngines/WindowsStandaloneSupport/UnityEditor.WindowsStandalone.Extensions.dll
Registered in 0.001773 seconds.
Native extension for WindowsStandalone target not found
Refreshing native plugins compatible for Editor in 44.55 ms, found 6 plugins.
Preloading 1 native plugins for Editor in 0.06 ms.
Mono: successfully reloaded assembly
- Completed reload, in  1.323 seconds
Platform modules already initialized, skipping
Registering precompiled user dll's ...
Registered in 0.004423 seconds.
Begin MonoManager ReloadAssembly
Native extension for WindowsStandalone target not found
Refreshing native plugins compatible for Editor in 0.63 ms, found 6 plugins.
Preloading 1 native plugins for Editor in 0.06 ms.
[XR] OculusXRPlugin: registering subsystems
[XR] Unable to register display lifecyle provider: [1]
[XR] Oculus Input lifecycle provider registered.
[XR] Unable to register input lifecyle provider: [1]
[XR] OVRP version 1.61.0
Mono: successfully reloaded assembly
- Completed reload, in  0.770 seconds
Platform modules already initialized, skipping
========================================================================
Worker process is ready to serve import requests
Shader 'Oculus/OVRMRCameraFrameLit': fallback shader 'Alpha-Diffuse' not found
Shader 'Custom/AdditiveTintable': fallback shader 'Particles/Additive (Soft)' not found
Shader 'Oculus/OVRMRCameraFrameLit': fallback shader 'Alpha-Diffuse' not found
Launched and connected shader compiler UnityShaderCompiler.exe after 0.04 seconds
Refreshing native plugins compatible for Editor in 0.92 ms, found 6 plugins.
Preloading 1 native plugins for Editor in 0.09 ms.
Unloading 2157 Unused Serialized files (Serialized files now loaded: 0)
System memory in use before: 109.9 MB.
System memory in use after: 102.5 MB.

Unloading 102 unused Assets to reduce memory usage. Loaded Objects now: 2525.
Total: 5.138300 ms (FindLiveObjects: 0.158000 ms CreateObjectMapping: 0.045700 ms MarkObjects: 1.565300 ms  DeleteObjects: 3.368100 ms)

AssetImportParameters requested are different than current active one (requested -> active):
  custom:framework-win-MediaFoundation: 216162199b28c13a410421893ffa2e32 -> 
  custom:video-decoder-ogg-theora: a1e56fd34408186e4bbccfd4996cb3dc -> 
  custom:container-muxer-webm: aa71ff27fc2769a1b78a27578f13a17b -> 
  custom:container-demuxer-webm: 4f35f7cbe854078d1ac9338744f61a02 -> 
  custom:container-demuxer-ogg: 62fdf1f143b41e24485cea50d1cbac27 -> 
  custom:video-encoder-webm-vp8: eb34c28f22e8b96e1ab97ce403110664 -> 
  custom:video-decoder-webm-vp8: 9c59270c3fd7afecdb556c50c9e8de78 -> 
  custom:audio-decoder-ogg-vorbis: bf7c407c2cedff20999df2af8eb42d56 -> 
  custom:audio-encoder-webm-vorbis: bf7c407c2cedff20999df2af8eb42d56 -> 
========================================================================
Received Import Request.
  path: Assets/Scripts/ShiftFromDark.cs
  artifactKey: Guid(99cdeafae85c5fb4092ce39d33d9a17b) Importer(815301076,1909f56bfc062723c751e8b465ee728b)
Start importing Assets/Scripts/ShiftFromDark.cs using Guid(99cdeafae85c5fb4092ce39d33d9a17b) Importer(815301076,1909f56bfc062723c751e8b465ee728b)  -> (artifact id: '9e85b887243535696d60e6cde07f1066') in 0.021935 seconds 
  Import took 0.025005 seconds .

========================================================================
Received Import Request.
  Time since last request: 0.503054 seconds.
  path: Assets/Scripts/ShiftToStart.cs
  artifactKey: Guid(570d7bf87ca6017468f384fbce0b1254) Importer(815301076,1909f56bfc062723c751e8b465ee728b)
Start importing Assets/Scripts/ShiftToStart.cs using Guid(570d7bf87ca6017468f384fbce0b1254) Importer(815301076,1909f56bfc062723c751e8b465ee728b)  -> (artifact id: 'fb2a37bdff41780d0b04e05cf44c66cc') in 0.003131 seconds 
  Import took 0.006149 seconds .

========================================================================
Received Import Request.
  Time since last request: 1.057099 seconds.
  path: Assets/Scripts/ShiftToTutorial2.cs
  artifactKey: Guid(8d37bbf613f23344b87a7610832259cf) Importer(815301076,1909f56bfc062723c751e8b465ee728b)
Start importing Assets/Scripts/ShiftToTutorial2.cs using Guid(8d37bbf613f23344b87a7610832259cf) Importer(815301076,1909f56bfc062723c751e8b465ee728b)  -> (artifact id: '3a70e339ba19b38737172b91248860da') in 0.002937 seconds 
  Import took 0.005775 seconds .

========================================================================
Received Import Request.
  Time since last request: 0.486269 seconds.
  path: Assets/Scripts/ShootBossBullet.cs
  artifactKey: Guid(ac241f5ef552bb64e9f23f4a96cab262) Importer(815301076,1909f56bfc062723c751e8b465ee728b)
Start importing Assets/Scripts/ShootBossBullet.cs using Guid(ac241f5ef552bb64e9f23f4a96cab262) Importer(815301076,1909f56bfc062723c751e8b465ee728b)  -> (artifact id: '07e297a476a08b721ae73cbcd7eaed29') in 0.002503 seconds 
  Import took 0.005156 seconds .

========================================================================
Received Import Request.
  Time since last request: 0.003189 seconds.
  path: Assets/Scripts/ShootBossBullet.cs
  artifactKey: Guid(ac241f5ef552bb64e9f23f4a96cab262) Importer(815301076,1909f56bfc062723c751e8b465ee728b)
Start importing Assets/Scripts/ShootBossBullet.cs using Guid(ac241f5ef552bb64e9f23f4a96cab262) Importer(815301076,1909f56bfc062723c751e8b465ee728b)  -> (artifact id: '07e297a476a08b721ae73cbcd7eaed29') in 0.002324 seconds 
  Import took 0.005667 seconds .

========================================================================
Received Import Request.
  Time since last request: 9.860108 seconds.
  path: Assets/Scripts/LastTimeline.cs
  artifactKey: Guid(be28b20aa9ae2f0478ac8cdc9d4067f1) Importer(815301076,1909f56bfc062723c751e8b465ee728b)
Start importing Assets/Scripts/LastTimeline.cs using Guid(be28b20aa9ae2f0478ac8cdc9d4067f1) Importer(815301076,1909f56bfc062723c751e8b465ee728b)  -> (artifact id: '418548f66df4479901f7d1924c7734c1') in 0.002419 seconds 
  Import took 0.006180 seconds .

========================================================================
Received Import Request.
  Time since last request: 9.503384 seconds.
  path: Assets/Scripts/HitPlayer.cs
  artifactKey: Guid(ce03972eb107b3043beed8447d7697f0) Importer(815301076,1909f56bfc062723c751e8b465ee728b)
Start importing Assets/Scripts/HitPlayer.cs using Guid(ce03972eb107b3043beed8447d7697f0) Importer(815301076,1909f56bfc062723c751e8b465ee728b)  -> (artifact id: '89a0537448f8ef2bdd5468c947252cc5') in 0.002734 seconds 
  Import took 0.005579 seconds .

========================================================================
Received Import Request.
  Time since last request: 19.968812 seconds.
  path: Assets/Scripts/HitNearBoss.cs
  artifactKey: Guid(6d29393004ac0c341a8fe343820c2177) Importer(815301076,1909f56bfc062723c751e8b465ee728b)
Start importing Assets/Scripts/HitNearBoss.cs using Guid(6d29393004ac0c341a8fe343820c2177) Importer(815301076,1909f56bfc062723c751e8b465ee728b)  -> (artifact id: '4381f455359a05e6cb146e0236e92255') in 0.003499 seconds 
  Import took 0.006788 seconds .

========================================================================
Received Import Request.
  Time since last request: 3.829388 seconds.
  path: Assets/Scripts/HitEnemy.cs
  artifactKey: Guid(e109119147d0b51438e416ccc3da992d) Importer(815301076,1909f56bfc062723c751e8b465ee728b)
Start importing Assets/Scripts/HitEnemy.cs using Guid(e109119147d0b51438e416ccc3da992d) Importer(815301076,1909f56bfc062723c751e8b465ee728b)  -> (artifact id: 'd5a1a5a9b755da28516073e928485d20') in 0.002642 seconds 
  Import took 0.005868 seconds .

========================================================================
Received Import Request.
  Time since last request: 7.187134 seconds.
  path: Assets/Scripts/Goal.cs
  artifactKey: Guid(8b2d373c9e34e3e469a636a744db1407) Importer(815301076,1909f56bfc062723c751e8b465ee728b)
Start importing Assets/Scripts/Goal.cs using Guid(8b2d373c9e34e3e469a636a744db1407) Importer(815301076,1909f56bfc062723c751e8b465ee728b)  -> (artifact id: 'fb2a038b60bcf4fab0d9b1922c50c32d') in 0.002241 seconds 
  Import took 0.004980 seconds .

========================================================================
Received Import Request.
  Time since last request: 1.252211 seconds.
  path: Assets/Scripts/EnemyShoot.cs
  artifactKey: Guid(82ae0e253608dfb40b87088f464f538a) Importer(815301076,1909f56bfc062723c751e8b465ee728b)
Start importing Assets/Scripts/EnemyShoot.cs using Guid(82ae0e253608dfb40b87088f464f538a) Importer(815301076,1909f56bfc062723c751e8b465ee728b)  -> (artifact id: '175ec401930992b211b0b081d930c519') in 0.002572 seconds 
  Import took 0.005386 seconds .

AssetImportWorkerClient::OnTransportError - code=2 error=End of file
